Using pre-set license
Built from '2020.3/staging' branch; Version is '2020.3.17f1 (a4537701e4ab) revision 10769271'; Using compiler version '192528614'; Build Type 'Release'
OS: 'Windows 10 Pro; OS build 21376.1; Version 2009; 64bit' Language: 'en' Physical Memory: 32706 MB
BatchMode: 1, IsHumanControllingUs: 0, StartBugReporterOnCrash: 0, Is64bit: 1, IsPro: 0

COMMAND LINE ARGUMENTS:
C:\Program Files\Unity\Hub\Editor\2020.3.17f1\Editor\Unity.exe
-adb2
-batchMode
-noUpm
-name
AssetImportWorker0
-projectPath
C:/Users/Folcon/Code/Unity/arcadia-example-project
-logFile
Logs/AssetImportWorker0.log
-srvPort
60416
Successfully changed project path to: C:/Users/Folcon/Code/Unity/arcadia-example-project
C:/Users/Folcon/Code/Unity/arcadia-example-project
Using Asset Import Pipeline V2.
Refreshing native plugins compatible for Editor in 38.53 ms, found 2 plugins.
Preloading 0 native plugins for Editor in 0.00 ms.
Initialize engine version: 2020.3.17f1 (a4537701e4ab)
[Subsystems] Discovering subsystems at path C:/Program Files/Unity/Hub/Editor/2020.3.17f1/Editor/Data/Resources/UnitySubsystems
[Subsystems] Discovering subsystems at path C:/Users/Folcon/Code/Unity/arcadia-example-project/Assets
GfxDevice: creating device client; threaded=0
Direct3D:
    Version:  Direct3D 11.0 [level 11.1]
    Renderer: NVIDIA GeForce GTX 1070 (ID=0x1b81)
    Vendor:   
    VRAM:     8088 MB
    Driver:   30.0.14.7196
Initialize mono
Mono path[0] = 'C:/Program Files/Unity/Hub/Editor/2020.3.17f1/Editor/Data/Managed'
Mono path[1] = 'C:/Program Files/Unity/Hub/Editor/2020.3.17f1/Editor/Data/MonoBleedingEdge/lib/mono/unityjit'
Mono config path = 'C:/Program Files/Unity/Hub/Editor/2020.3.17f1/Editor/Data/MonoBleedingEdge/etc'
Using monoOptions --debugger-agent=transport=dt_socket,embedding=1,server=y,suspend=n,address=127.0.0.1:56612
Begin MonoManager ReloadAssembly
Registering precompiled unity dll's ...
Register platform support module: C:/Program Files/Unity/Hub/Editor/2020.3.17f1/Editor/Data/PlaybackEngines/WebGLSupport/UnityEditor.WebGL.Extensions.dll
Register platform support module: C:/Program Files/Unity/Hub/Editor/2020.3.17f1/Editor/Data/PlaybackEngines/WindowsStandaloneSupport/UnityEditor.WindowsStandalone.Extensions.dll
Registered in 0.002666 seconds.
Native extension for WindowsStandalone target not found
Native extension for WebGL target not found
Refreshing native plugins compatible for Editor in 32.07 ms, found 2 plugins.
Preloading 0 native plugins for Editor in 0.00 ms.
Mono: successfully reloaded assembly
- Completed reload, in  1.475 seconds
Domain Reload Profiling:
	ReloadAssembly (1476ms)
		BeginReloadAssembly (65ms)
			ExecutionOrderSort (0ms)
			DisableScriptedObjects (0ms)
			BackupInstance (0ms)
			ReleaseScriptingObjects (0ms)
			CreateAndSetChildDomain (1ms)
		EndReloadAssembly (491ms)
			LoadAssemblies (63ms)
			RebuildTransferFunctionScriptingTraits (0ms)
			SetupTypeCache (195ms)
			ReleaseScriptCaches (0ms)
			RebuildScriptCaches (36ms)
			SetupLoadedEditorAssemblies (178ms)
				LogAssemblyErrors (0ms)
				InitializePlatformSupportModulesInManaged (5ms)
				SetLoadedEditorAssemblies (0ms)
				RefreshPlugins (32ms)
				BeforeProcessingInitializeOnLoad (18ms)
				ProcessInitializeOnLoadAttributes (90ms)
				ProcessInitializeOnLoadMethodAttributes (32ms)
				AfterProcessingInitializeOnLoad (0ms)
				EditorAssembliesLoaded (0ms)
			ExecutionOrderSort2 (0ms)
			AwakeInstancesAfterBackupRestoration (0ms)
Platform modules already initialized, skipping
Registering precompiled user dll's ...
Registered in 0.004378 seconds.
Begin MonoManager ReloadAssembly
Native extension for WindowsStandalone target not found
Native extension for WebGL target not found
Refreshing native plugins compatible for Editor in 1.02 ms, found 2 plugins.
Preloading 0 native plugins for Editor in 0.00 ms.
Mono: successfully reloaded assembly
- Completed reload, in  1.494 seconds
Domain Reload Profiling:
	ReloadAssembly (1495ms)
		BeginReloadAssembly (169ms)
			ExecutionOrderSort (0ms)
			DisableScriptedObjects (5ms)
			BackupInstance (0ms)
			ReleaseScriptingObjects (0ms)
			CreateAndSetChildDomain (21ms)
		EndReloadAssembly (1248ms)
			LoadAssemblies (105ms)
			RebuildTransferFunctionScriptingTraits (0ms)
			SetupTypeCache (399ms)
			ReleaseScriptCaches (1ms)
			RebuildScriptCaches (87ms)
			SetupLoadedEditorAssemblies (486ms)
				LogAssemblyErrors (0ms)
				InitializePlatformSupportModulesInManaged (7ms)
				SetLoadedEditorAssemblies (0ms)
				RefreshPlugins (1ms)
				BeforeProcessingInitializeOnLoad (94ms)
				ProcessInitializeOnLoadAttributes (371ms)
				ProcessInitializeOnLoadMethodAttributes (4ms)
				AfterProcessingInitializeOnLoad (7ms)
				EditorAssembliesLoaded (0ms)
			ExecutionOrderSort2 (0ms)
			AwakeInstancesAfterBackupRestoration (7ms)
Platform modules already initialized, skipping
========================================================================
Worker process is ready to serve import requests
Launched and connected shader compiler UnityShaderCompiler.exe after 0.08 seconds
Refreshing native plugins compatible for Editor in 0.45 ms, found 2 plugins.
Preloading 0 native plugins for Editor in 0.00 ms.
Unloading 1397 Unused Serialized files (Serialized files now loaded: 0)
System memory in use before: 64.8 MB.
System memory in use after: 64.9 MB.

Unloading 18 unused Assets to reduce memory usage. Loaded Objects now: 1830.
Total: 2.980500 ms (FindLiveObjects: 0.167100 ms CreateObjectMapping: 0.051000 ms MarkObjects: 2.687400 ms  DeleteObjects: 0.073300 ms)

AssetImportParameters requested are different than current active one (requested -> active):
  custom:framework-win-MediaFoundation: 216162199b28c13a410421893ffa2e32 -> 
  custom:video-decoder-ogg-theora: a1e56fd34408186e4bbccfd4996cb3dc -> 
  custom:container-muxer-webm: aa71ff27fc2769a1b78a27578f13a17b -> 
  custom:container-demuxer-webm: 4f35f7cbe854078d1ac9338744f61a02 -> 
  custom:container-demuxer-ogg: 62fdf1f143b41e24485cea50d1cbac27 -> 
  custom:video-encoder-webm-vp8: eb34c28f22e8b96e1ab97ce403110664 -> 
  custom:video-codec-MediaFoundation-h265: 746d11721c4dcdbdad8f713fa42b33f4 -> 
  custom:video-decoder-webm-vp8: 9c59270c3fd7afecdb556c50c9e8de78 -> 
  custom:audio-decoder-ogg-vorbis: bf7c407c2cedff20999df2af8eb42d56 -> 
  custom:audio-encoder-webm-vorbis: bf7c407c2cedff20999df2af8eb42d56 -> 
========================================================================
Received Import Request.
  path: Assets/Scenes
  artifactKey: Guid(9d4734a3ffc7e4544b85371d4d70062d) Importer(815301076,1909f56bfc062723c751e8b465ee728b)
Start importing Assets/Scenes using Guid(9d4734a3ffc7e4544b85371d4d70062d) Importer(815301076,1909f56bfc062723c751e8b465ee728b)  -> (artifact id: 'b0768037ebef3f168237abd22120e2d5') in 0.010264 seconds 
  Import took 0.013262 seconds .

========================================================================
Received Prepare
Registering precompiled user dll's ...
Registered in 0.005927 seconds.
Begin MonoManager ReloadAssembly
Native extension for WindowsStandalone target not found
Native extension for WebGL target not found
Refreshing native plugins compatible for Editor in 0.35 ms, found 2 plugins.
Preloading 0 native plugins for Editor in 0.00 ms.
Mono: successfully reloaded assembly
- Completed reload, in  1.348 seconds
Domain Reload Profiling:
	ReloadAssembly (1348ms)
		BeginReloadAssembly (161ms)
			ExecutionOrderSort (0ms)
			DisableScriptedObjects (10ms)
			BackupInstance (0ms)
			ReleaseScriptingObjects (0ms)
			CreateAndSetChildDomain (44ms)
		EndReloadAssembly (1101ms)
			LoadAssemblies (115ms)
			RebuildTransferFunctionScriptingTraits (0ms)
			SetupTypeCache (359ms)
			ReleaseScriptCaches (1ms)
			RebuildScriptCaches (43ms)
			SetupLoadedEditorAssemblies (477ms)
				LogAssemblyErrors (0ms)
				InitializePlatformSupportModulesInManaged (8ms)
				SetLoadedEditorAssemblies (0ms)
				RefreshPlugins (0ms)
				BeforeProcessingInitializeOnLoad (91ms)
				ProcessInitializeOnLoadAttributes (364ms)
				ProcessInitializeOnLoadMethodAttributes (5ms)
				AfterProcessingInitializeOnLoad (7ms)
				EditorAssembliesLoaded (0ms)
			ExecutionOrderSort2 (0ms)
			AwakeInstancesAfterBackupRestoration (9ms)
Platform modules already initialized, skipping
Refreshing native plugins compatible for Editor in 0.42 ms, found 2 plugins.
Preloading 0 native plugins for Editor in 0.00 ms.
Unloading 1391 Unused Serialized files (Serialized files now loaded: 0)
System memory in use before: 64.7 MB.
System memory in use after: 64.8 MB.

Unloading 13 unused Assets to reduce memory usage. Loaded Objects now: 1832.
Total: 3.113700 ms (FindLiveObjects: 0.170600 ms CreateObjectMapping: 0.046100 ms MarkObjects: 2.863600 ms  DeleteObjects: 0.032300 ms)

AssetImportParameters requested are different than current active one (requested -> active):
  custom:framework-win-MediaFoundation: 216162199b28c13a410421893ffa2e32 -> 
  custom:video-decoder-ogg-theora: a1e56fd34408186e4bbccfd4996cb3dc -> 
  custom:container-muxer-webm: aa71ff27fc2769a1b78a27578f13a17b -> 
  custom:container-demuxer-webm: 4f35f7cbe854078d1ac9338744f61a02 -> 
  custom:container-demuxer-ogg: 62fdf1f143b41e24485cea50d1cbac27 -> 
  custom:video-encoder-webm-vp8: eb34c28f22e8b96e1ab97ce403110664 -> 
  custom:video-codec-MediaFoundation-h265: 746d11721c4dcdbdad8f713fa42b33f4 -> 
  custom:video-decoder-webm-vp8: 9c59270c3fd7afecdb556c50c9e8de78 -> 
  custom:audio-decoder-ogg-vorbis: bf7c407c2cedff20999df2af8eb42d56 -> 
  custom:audio-encoder-webm-vorbis: bf7c407c2cedff20999df2af8eb42d56 -> 
========================================================================
Received Prepare
Registering precompiled user dll's ...
Registered in 0.037125 seconds.
Begin MonoManager ReloadAssembly
Native extension for WindowsStandalone target not found
Native extension for WebGL target not found
Refreshing native plugins compatible for Editor in 1.01 ms, found 2 plugins.
Preloading 0 native plugins for Editor in 0.00 ms.
Checking Unity Settings...
UnityEngine.StackTraceUtility:ExtractStackTrace ()
UnityEngine.DebugLogHandler:LogFormat (UnityEngine.LogType,UnityEngine.Object,string,object[])
UnityEngine.Logger:Log (UnityEngine.LogType,object)
UnityEngine.Debug:Log (object)
Arcadia.ArcadiaProjectInitialization:CheckSettings () (at Assets/Arcadia/Editor/ArcadiaProjectInitialization.cs:17)
Arcadia.ArcadiaProjectInitialization:.cctor () (at Assets/Arcadia/Editor/ArcadiaProjectInitialization.cs:12)
System.Runtime.CompilerServices.RuntimeHelpers:RunClassConstructor (System.RuntimeTypeHandle)
UnityEditor.EditorAssemblies:ProcessInitializeOnLoadAttributes (System.Type[])

(Filename: Assets/Arcadia/Editor/ArcadiaProjectInitialization.cs Line: 17)

Expected Unity version 2018.x, got 2020.3.17f1. This might cause issues.
UnityEngine.StackTraceUtility:ExtractStackTrace ()
UnityEngine.DebugLogHandler:LogFormat (UnityEngine.LogType,UnityEngine.Object,string,object[])
UnityEngine.Logger:LogFormat (UnityEngine.LogType,string,object[])
UnityEngine.Debug:LogWarningFormat (string,object[])
Arcadia.ArcadiaProjectInitialization:CheckSettings () (at Assets/Arcadia/Editor/ArcadiaProjectInitialization.cs:20)
Arcadia.ArcadiaProjectInitialization:.cctor () (at Assets/Arcadia/Editor/ArcadiaProjectInitialization.cs:12)
System.Runtime.CompilerServices.RuntimeHelpers:RunClassConstructor (System.RuntimeTypeHandle)
UnityEditor.EditorAssemblies:ProcessInitializeOnLoadAttributes (System.Type[])

(Filename: Assets/Arcadia/Editor/ArcadiaProjectInitialization.cs Line: 20)

Updating config
UnityEngine.StackTraceUtility:ExtractStackTrace ()
UnityEngine.DebugLogHandler:LogFormat (UnityEngine.LogType,UnityEngine.Object,string,object[])
UnityEngine.Logger:Log (UnityEngine.LogType,object)
UnityEngine.Debug:Log (object)
arcadia$internal$config$update_BANG___27716:invokeStatic ()
arcadia$internal$config$update_BANG___27716:invoke ()
clojure.lang.Var:invoke ()
Arcadia.Initialization:LoadConfig () (at Assets/Arcadia/Editor/Initialization.cs:123)
Arcadia.Initialization:Initialize () (at Assets/Arcadia/Editor/Initialization.cs:89)
Arcadia.Initialization:.cctor () (at Assets/Arcadia/Editor/Initialization.cs:54)
System.Runtime.CompilerServices.RuntimeHelpers:RunClassConstructor (System.RuntimeTypeHandle)
UnityEditor.EditorAssemblies:ProcessInitializeOnLoadAttributes (System.Type[])

(Filename: Assets/Arcadia/Editor/Initialization.cs Line: 123)

Creating Compiled Folders
UnityEngine.StackTraceUtility:ExtractStackTrace ()
UnityEngine.DebugLogHandler:LogFormat (UnityEngine.LogType,UnityEngine.Object,string,object[])
UnityEngine.Logger:Log (UnityEngine.LogType,object)
UnityEngine.Debug:Log (object)
Arcadia.BuildPipeline:EnsureCompiledFolders () (at Assets/Arcadia/Editor/BuildPipeline.cs:33)
Arcadia.Initialization:Initialize () (at Assets/Arcadia/Editor/Initialization.cs:93)
Arcadia.Initialization:.cctor () (at Assets/Arcadia/Editor/Initialization.cs:54)
System.Runtime.CompilerServices.RuntimeHelpers:RunClassConstructor (System.RuntimeTypeHandle)
UnityEditor.EditorAssemblies:ProcessInitializeOnLoadAttributes (System.Type[])

(Filename: Assets/Arcadia/Editor/BuildPipeline.cs Line: 33)

SocketException: Only one usage of each socket address (protocol/network address/port) is normally permitted.
  at System.Net.Sockets.Socket.Bind (System.Net.EndPoint localEP) [0x00043] in <0463b2ef957545c0a51b42f372cd4fbb>:0 
  at System.Net.Sockets.TcpListener.Start (System.Int32 backlog) [0x00044] in <0463b2ef957545c0a51b42f372cd4fbb>:0 
  at System.Net.Sockets.TcpListener.Start () [0x00000] in <0463b2ef957545c0a51b42f372cd4fbb>:0 
  at clojure$core$server$start_serverfn__18457__18485.invoke () [0x00000] in <d6de6e8d55ea4a0f87d915ca09b43586>:0 
  at (wrapper dynamic-method) System.Object.lambda_method(System.Runtime.CompilerServices.Closure)
  at System.Threading.ThreadHelper.ThreadStart_Context (System.Object state) [0x00014] in <695d1cc93cca45069c528c15c9fdd749>:0 
  at System.Threading.ExecutionContext.RunInternal (System.Threading.ExecutionContext executionContext, System.Threading.ContextCallback callback, System.Object state, System.Boolean preserveSyncCtx) [0x00071] in <695d1cc93cca45069c528c15c9fdd749>:0 
  at System.Threading.ExecutionContext.Run (System.Threading.ExecutionContext executionContext, System.Threading.ContextCallback callback, System.Object state, System.Boolean preserveSyncCtx) [0x00000] in <695d1cc93cca45069c528c15c9fdd749>:0 
  at System.Threading.ExecutionContext.Run (System.Threading.ExecutionContext executionContext, System.Threading.ContextCallback callback, System.Object state) [0x0002b] in <695d1cc93cca45069c528c15c9fdd749>:0 
  at System.Threading.ThreadHelper.ThreadStart () [0x00008] in <695d1cc93cca45069c528c15c9fdd749>:0 
UnityEngine.DebugLogHandler:Internal_LogException(Exception, Object)
UnityEngine.DebugLogHandler:LogException(Exception, Object)
UnityEngine.Logger:LogException(Exception, Object)
UnityEngine.Debug:LogException(Exception)
UnityEngine.<>c:<RegisterUECatcher>b__0_0(Object, UnhandledExceptionEventArgs)

nrepl: starting
UnityEngine.StackTraceUtility:ExtractStackTrace ()
UnityEngine.DebugLogHandler:LogFormat (UnityEngine.LogType,UnityEngine.Object,string,object[])
UnityEngine.Logger:Log (UnityEngine.LogType,object)
UnityEngine.Debug:Log (object)
Arcadia.NRepl:StartServer () (at Assets/Arcadia/Editor/NRepl.cs:536)
Arcadia.Initialization:Initialize () (at Assets/Arcadia/Editor/Initialization.cs:98)
Arcadia.Initialization:.cctor () (at Assets/Arcadia/Editor/Initialization.cs:54)
System.Runtime.CompilerServices.RuntimeHelpers:RunClassConstructor (System.RuntimeTypeHandle)
UnityEditor.EditorAssemblies:ProcessInitializeOnLoadAttributes (System.Type[])

(Filename: Assets/Arcadia/Editor/NRepl.cs Line: 536)

SocketException: Only one usage of each socket address (protocol/network address/port) is normally permitted.
  at System.Net.Sockets.Socket.Bind (System.Net.EndPoint localEP) [0x00043] in <0463b2ef957545c0a51b42f372cd4fbb>:0 
  at System.Net.Sockets.TcpListener.Start (System.Int32 backlog) [0x00044] in <0463b2ef957545c0a51b42f372cd4fbb>:0 
  at System.Net.Sockets.TcpListener.Start () [0x00000] in <0463b2ef957545c0a51b42f372cd4fbb>:0 
  at Arcadia.NRepl+<>c.<StartServer>b__36_0 () [0x00010] in C:\Users\Folcon\Code\Unity\arcadia-example-project\Assets\Arcadia\Editor\NRepl.cs:544 
UnityEngine.DebugLogHandler:Internal_LogException(Exception, Object)
UnityEngine.DebugLogHandler:LogException(Exception, Object)
UnityEngine.Logger:LogException(Exception, Object)
UnityEngine.Debug:LogException(Exception)
Arcadia.<>c:<StartServer>b__36_0() (at Assets\Arcadia\Editor\NRepl.cs:662)
System.Threading.ThreadHelper:ThreadStart_Context(Object)
System.Threading.ExecutionContext:RunInternal(ExecutionContext, ContextCallback, Object, Boolean)
System.Threading.ExecutionContext:Run(ExecutionContext, ContextCallback, Object, Boolean)
System.Threading.ExecutionContext:Run(ExecutionContext, ContextCallback, Object)
System.Threading.ThreadHelper:ThreadStart()

(Filename: Assets/Arcadia/Editor/NRepl.cs Line: 544)

nrepl: closing port 3722
UnityEngine.StackTraceUtility:ExtractStackTrace ()
UnityEngine.DebugLogHandler:LogFormat (UnityEngine.LogType,UnityEngine.Object,string,object[])
UnityEngine.Logger:LogFormat (UnityEngine.LogType,string,object[])
UnityEngine.Debug:LogFormat (string,object[])
Arcadia.NRepl/<>c:<StartServer>b__36_0 () (at Assets/Arcadia/Editor/NRepl.cs:666)
System.Threading.ThreadHelper:ThreadStart_Context (object)
System.Threading.ExecutionContext:RunInternal (System.Threading.ExecutionContext,System.Threading.ContextCallback,object,bool)
System.Threading.ExecutionContext:Run (System.Threading.ExecutionContext,System.Threading.ContextCallback,object,bool)
System.Threading.ExecutionContext:Run (System.Threading.ExecutionContext,System.Threading.ContextCallback,object)
System.Threading.ThreadHelper:ThreadStart ()

(Filename: Assets/Arcadia/Editor/NRepl.cs Line: 666)

Arcadia Started!
UnityEngine.StackTraceUtility:ExtractStackTrace ()
UnityEngine.DebugLogHandler:LogFormat (UnityEngine.LogType,UnityEngine.Object,string,object[])
UnityEngine.Logger:Log (UnityEngine.LogType,object)
UnityEngine.Debug:Log (object)
Arcadia.Initialization:Initialize () (at Assets/Arcadia/Editor/Initialization.cs:101)
Arcadia.Initialization:.cctor () (at Assets/Arcadia/Editor/Initialization.cs:54)
System.Runtime.CompilerServices.RuntimeHelpers:RunClassConstructor (System.RuntimeTypeHandle)
UnityEditor.EditorAssemblies:ProcessInitializeOnLoadAttributes (System.Type[])

(Filename: Assets/Arcadia/Editor/Initialization.cs Line: 101)

Mono: successfully reloaded assembly
- Completed reload, in 27.550 seconds
Domain Reload Profiling:
	ReloadAssembly (27551ms)
		BeginReloadAssembly (126ms)
			ExecutionOrderSort (0ms)
			DisableScriptedObjects (7ms)
			BackupInstance (0ms)
			ReleaseScriptingObjects (0ms)
			CreateAndSetChildDomain (37ms)
		EndReloadAssembly (27340ms)
			LoadAssemblies (144ms)
			RebuildTransferFunctionScriptingTraits (0ms)
			SetupTypeCache (464ms)
			ReleaseScriptCaches (1ms)
			RebuildScriptCaches (50ms)
			SetupLoadedEditorAssemblies (26536ms)
				LogAssemblyErrors (0ms)
				InitializePlatformSupportModulesInManaged (8ms)
				SetLoadedEditorAssemblies (1ms)
				RefreshPlugins (1ms)
				BeforeProcessingInitializeOnLoad (83ms)
				ProcessInitializeOnLoadAttributes (26433ms)
				ProcessInitializeOnLoadMethodAttributes (4ms)
				AfterProcessingInitializeOnLoad (6ms)
				EditorAssembliesLoaded (0ms)
			ExecutionOrderSort2 (0ms)
			AwakeInstancesAfterBackupRestoration (8ms)
Platform modules already initialized, skipping
OnLevelWasLoaded was found on OnLevelWasLoadedHook
This message has been deprecated and will be removed in a later version of Unity.
Add a delegate to SceneManager.sceneLoaded instead to get notifications after scene loading has completed

Refreshing native plugins compatible for Editor in 0.90 ms, found 2 plugins.
Preloading 0 native plugins for Editor in 0.00 ms.
Unloading 1544 Unused Serialized files (Serialized files now loaded: 0)
System memory in use before: 70.0 MB.
System memory in use after: 70.1 MB.

Unloading 65 unused Assets to reduce memory usage. Loaded Objects now: 1935.
Total: 70.565700 ms (FindLiveObjects: 0.329300 ms CreateObjectMapping: 0.146200 ms MarkObjects: 70.049300 ms  DeleteObjects: 0.038700 ms)

AssetImportParameters requested are different than current active one (requested -> active):
  custom:framework-win-MediaFoundation: 216162199b28c13a410421893ffa2e32 -> 
  custom:video-decoder-ogg-theora: a1e56fd34408186e4bbccfd4996cb3dc -> 
  custom:container-muxer-webm: aa71ff27fc2769a1b78a27578f13a17b -> 
  custom:container-demuxer-webm: 4f35f7cbe854078d1ac9338744f61a02 -> 
  custom:container-demuxer-ogg: 62fdf1f143b41e24485cea50d1cbac27 -> 
  custom:video-encoder-webm-vp8: eb34c28f22e8b96e1ab97ce403110664 -> 
  custom:video-codec-MediaFoundation-h265: 746d11721c4dcdbdad8f713fa42b33f4 -> 
  custom:video-decoder-webm-vp8: 9c59270c3fd7afecdb556c50c9e8de78 -> 
  custom:audio-decoder-ogg-vorbis: bf7c407c2cedff20999df2af8eb42d56 -> 
  custom:audio-encoder-webm-vorbis: bf7c407c2cedff20999df2af8eb42d56 -> 
WARNING: (slurp f enc) is deprecated, use (slurp f :encoding enc).
Updating config
UnityEngine.StackTraceUtility:ExtractStackTrace ()
UnityEngine.DebugLogHandler:LogFormat (UnityEngine.LogType,UnityEngine.Object,string,object[])
UnityEngine.Logger:Log (UnityEngine.LogType,object)
UnityEngine.Debug:Log (object)
arcadia$internal$config$update_BANG___27716:invokeStatic ()
arcadia$internal$config$update_BANG___27716:invoke ()
arcadia$internal$leiningen$eval__29649fn__29655__29660:invoke (object)
arcadia$internal$filewatcher$apply_listener__27101:invokeStatic (object,object)
arcadia$internal$filewatcher$apply_listener__27101:invoke (object,object)
arcadia$internal$filewatcher$run_listenersprocess_change__27117__27127:invoke (object)
clojure$core$mapfn__2606fn__2610__2617:invoke (object,object)
clojure.lang.ArrayChunk:reduce (clojure.lang.IFn,object)
clojure$core$protocols$eval__10437fn__10442__10446:invoke (object,object,object)
clojure$core$protocols$eval__10215fn__10220G__10182__10237__10240:invoke (object,object,object)
clojure$core$protocols$seq_reduce__10267:invokeStatic (object,object,object)
clojure$core$protocols$seq_reduce__10267:invoke (object,object,object)
clojure$core$protocols$eval__10333fn__10338__10343:invoke (object,object,object)
clojure$core$protocols$eval__10130fn__10135G__10097__10157__10160:invoke (object,object,object)
clojure$core$transduce__11429:invokeStatic (object,object,object,object)
clojure$core$transduce__11429:invoke (object,object,object,object)
arcadia$internal$filewatcher$doduce__26450:invokeStatic (object,object)
arcadia$internal$filewatcher$doduce__26450:invoke (object,object)
arcadia$internal$filewatcher$run_listeners__27130:invokeStatic (object,object)
arcadia$internal$filewatcher$run_listeners__27130:invoke (object,object)
arcadia$internal$filewatcher$watch_step__27307:invokeStatic (object)
arcadia$internal$filewatcher$watch_step__27307:invoke (object)
arcadia$internal$filewatcher$watch_step__27307:invokeStatic (object)
arcadia$internal$filewatcher$watch_step__27307:invoke (object)
arcadia$internal$filewatcher$watch_threadwatch_loop__27420fn__27425__27438:invoke ()
arcadia$internal$filewatcher$watch_threadwatch_loop__27420__27441:invoke ()
arcadia$internal$thread$start_threadfn__24054__24058:invoke ()
(wrapper dynamic-method) object:lambda_method (System.Runtime.CompilerServices.Closure)
System.Threading.ThreadHelper:ThreadStart_Context (object)
System.Threading.ExecutionContext:RunInternal (System.Threading.ExecutionContext,System.Threading.ContextCallback,object,bool)
System.Threading.ExecutionContext:Run (System.Threading.ExecutionContext,System.Threading.ContextCallback,object,bool)
System.Threading.ExecutionContext:Run (System.Threading.ExecutionContext,System.Threading.ContextCallback,object)
System.Threading.ThreadHelper:ThreadStart ()

SocketException: Only one usage of each socket address (protocol/network address/port) is normally permitted.
  at System.Net.Sockets.Socket.Bind (System.Net.EndPoint localEP) [0x00043] in <0463b2ef957545c0a51b42f372cd4fbb>:0 
  at System.Net.Sockets.TcpListener.Start (System.Int32 backlog) [0x00044] in <0463b2ef957545c0a51b42f372cd4fbb>:0 
  at System.Net.Sockets.TcpListener.Start () [0x00000] in <0463b2ef957545c0a51b42f372cd4fbb>:0 
  at clojure$core$server$start_serverfn__18457__18485.invoke () [0x00000] in <d6de6e8d55ea4a0f87d915ca09b43586>:0 
  at (wrapper dynamic-method) System.Object.lambda_method(System.Runtime.CompilerServices.Closure)
  at System.Threading.ThreadHelper.ThreadStart_Context (System.Object state) [0x00014] in <695d1cc93cca45069c528c15c9fdd749>:0 
  at System.Threading.ExecutionContext.RunInternal (System.Threading.ExecutionContext executionContext, System.Threading.ContextCallback callback, System.Object state, System.Boolean preserveSyncCtx) [0x00071] in <695d1cc93cca45069c528c15c9fdd749>:0 
  at System.Threading.ExecutionContext.Run (System.Threading.ExecutionContext executionContext, System.Threading.ContextCallback callback, System.Object state, System.Boolean preserveSyncCtx) [0x00000] in <695d1cc93cca45069c528c15c9fdd749>:0 
  at System.Threading.ExecutionContext.Run (System.Threading.ExecutionContext executionContext, System.Threading.ContextCallback callback, System.Object state) [0x0002b] in <695d1cc93cca45069c528c15c9fdd749>:0 
  at System.Threading.ThreadHelper.ThreadStart () [0x00008] in <695d1cc93cca45069c528c15c9fdd749>:0 
UnityEngine.DebugLogHandler:Internal_LogException(Exception, Object)
UnityEngine.DebugLogHandler:LogException(Exception, Object)
UnityEngine.Logger:LogException(Exception, Object)
UnityEngine.Debug:LogException(Exception)
UnityEngine.<>c:<RegisterUECatcher>b__0_0(Object, UnhandledExceptionEventArgs)

AssetImportWorkerClient::OnTransportError - code=2 error=End of file
